Setting run_invert and vis
Setting vis
Setting dirty_name and source...
Setting run_mkmask, mask, run_clean, run_restor...
13co
Beam size = 8.362 x 6.213 arcsec at PA = -1.59 deg
Running clean...
Not running restart...
Determining which channel to clean next...
Determining which channel to clean next...
Found an uncleaned channel, cleaning it...
Processing channel 002, velocity = .4000072894
Imsub: version 1.0 3-dec-02
Imsub: version 1.0 3-dec-02

maths: CVS Revision 1.5, 2013/12/27 18:32:30 UTC


maths: CVS Revision 1.5, 2013/12/27 18:32:30 UTC


mossdi: CVS Revision 1.6, 2012/06/04 21:25:22 UTC

Beginning to CLEAN ...
Steer Iterations: 639
 Residual min,max,rms:   -1.463E+00   7.148E+01   1.508E+01
 Total CLEANed flux:    6.891E+01
Steer Iterations: 1917
 Residual min,max,rms:   -1.463E+00   7.132E+01   1.498E+01
 Total CLEANed flux:    1.861E+02
Steer Iterations: 3466
 Residual min,max,rms:   -1.463E+00   7.096E+01   1.487E+01
 Total CLEANed flux:    3.251E+02
Steer Iterations: 7251
 Residual min,max,rms:   -1.463E+00   7.055E+01   1.467E+01
 Total CLEANed flux:    6.234E+02
Steer Iterations: 9537
 Residual min,max,rms:   -1.463E+00   6.974E+01   1.456E+01
 Total CLEANed flux:    7.900E+02
Steer Iterations: 15927
 Residual min,max,rms:   -1.463E+00   6.920E+01   1.430E+01
 Total CLEANed flux:    1.219E+03
Steer Iterations: 19529
 Residual min,max,rms:   -1.463E+00   7.020E+01   1.417E+01
 Total CLEANed flux:    1.443E+03
Steer Iterations: 28231
 Residual min,max,rms:   -1.463E+00   7.023E+01   1.391E+01
 Total CLEANed flux:    1.936E+03
Steer Iterations: 35290
 Residual min,max,rms:   -1.463E+00   7.085E+01   1.371E+01
 Total CLEANed flux:    2.315E+03
Steer Iterations: 46825
 Residual min,max,rms:   -1.463E+00   6.511E+01   1.342E+01
 Total CLEANed flux:    2.886E+03
Steer Iterations: 55352
 Residual min,max,rms:   -1.463E+00   6.053E+01   1.322E+01
 Total CLEANed flux:    3.292E+03
Steer Iterations: 74089
 Residual min,max,rms:   -1.463E+00   5.845E+01   1.281E+01
 Total CLEANed flux:    4.116E+03
Steer Iterations: 93317
 Residual min,max,rms:   -1.462E+00   5.379E+01   1.247E+01
 Total CLEANed flux:    4.890E+03
Steer Iterations: 114450
 Residual min,max,rms:   -1.447E+00   5.172E+01   1.215E+01
 Total CLEANed flux:    5.671E+03
Steer Iterations: 130449
 Residual min,max,rms:   -1.445E+00   4.813E+01   1.192E+01
 Total CLEANed flux:    6.234E+03
Steer Iterations: 164790
 Residual min,max,rms:   -1.455E+00   4.585E+01   1.147E+01
 Total CLEANed flux:    7.360E+03
Steer Iterations: 181362
 Residual min,max,rms:   -1.458E+00   4.380E+01   1.127E+01
 Total CLEANed flux:    7.882E+03
Steer Iterations: 202019
 Residual min,max,rms:   -1.471E+00   4.124E+01   1.103E+01
 Total CLEANed flux:    8.518E+03
Steer Iterations: 240879
 Residual min,max,rms:   -1.456E+00   3.936E+01   1.062E+01
 Total CLEANed flux:    9.626E+03
Steer Iterations: 268132
 Residual min,max,rms:   -1.470E+00   3.761E+01   1.036E+01
 Total CLEANed flux:    1.035E+04
Steer Iterations: 290001
 Residual min,max,rms:   -1.490E+00   3.621E+01   1.017E+01
 Total CLEANed flux:    1.091E+04
Steer Iterations: 306919
 Residual min,max,rms:   -1.494E+00   3.437E+01   9.997E+00
 Total CLEANed flux:    1.139E+04
Steer Iterations: 360025
 Residual min,max,rms:   -1.533E+00   3.383E+01   9.556E+00
 Total CLEANed flux:    1.266E+04
Steer Iterations: 370340
 Residual min,max,rms:   -1.535E+00   3.283E+01   9.467E+00
 Total CLEANed flux:    1.292E+04
Steer Iterations: 379682
 Residual min,max,rms:   -1.546E+00   3.089E+01   9.321E+00
 Total CLEANed flux:    1.336E+04
Steer Iterations: 443857
 Residual min,max,rms:   -1.572E+00   3.056E+01   8.886E+00
 Total CLEANed flux:    1.471E+04
Steer Iterations: 451704
 Residual min,max,rms:   -1.572E+00   2.936E+01   8.820E+00
 Total CLEANed flux:    1.489E+04
Steer Iterations: 470469
 Residual min,max,rms:   -1.544E+00   2.823E+01   8.652E+00
 Total CLEANed flux:    1.541E+04
Steer Iterations: 496118
 Residual min,max,rms:   -1.557E+00   2.764E+01   8.469E+00
 Total CLEANed flux:    1.598E+04
Steer Iterations: 508858
 Residual min,max,rms:   -1.526E+00   2.630E+01   8.365E+00
 Total CLEANed flux:    1.630E+04
Steer Iterations: 577639
 Residual min,max,rms:   -1.514E+00   2.589E+01   7.952E+00
 Total CLEANed flux:    1.757E+04
Steer Iterations: 587603
 Residual min,max,rms:   -1.508E+00   2.525E+01   7.891E+00
 Total CLEANed flux:    1.776E+04
Steer Iterations: 598422
 Residual min,max,rms:   -1.494E+00   2.433E+01   7.777E+00
 Total CLEANed flux:    1.813E+04
Steer Iterations: 630647
 Residual min,max,rms:   -1.499E+00   2.335E+01   7.603E+00
 Total CLEANed flux:    1.870E+04
Steer Iterations: 681222
 Residual min,max,rms:   -1.465E+00   2.314E+01   7.343E+00
 Total CLEANed flux:    1.953E+04
Steer Iterations: 690011
 Residual min,max,rms:   -1.469E+00   2.243E+01   7.288E+00
 Total CLEANed flux:    1.970E+04
Steer Iterations: 710166
 Residual min,max,rms:   -1.455E+00   2.175E+01   7.134E+00
 Total CLEANed flux:    2.020E+04
Steer Iterations: 737554
 Residual min,max,rms:   -1.464E+00   2.135E+01   6.986E+00
 Total CLEANed flux:    2.066E+04
Steer Iterations: 752705
 Residual min,max,rms:   -1.470E+00   2.066E+01   6.887E+00
 Total CLEANed flux:    2.098E+04
Steer Iterations: 791661
 Residual min,max,rms:   -1.456E+00   2.010E+01   6.713E+00
 Total CLEANed flux:    2.155E+04
Steer Iterations: 827458
 Residual min,max,rms:   -1.472E+00   1.972E+01   6.556E+00
 Total CLEANed flux:    2.206E+04
Steer Iterations: 847594
 Residual min,max,rms:   -1.450E+00   1.950E+01   6.473E+00
 Total CLEANed flux:    2.233E+04
Steer Iterations: 853985
 Residual min,max,rms:   -1.460E+00   1.911E+01   6.420E+00
 Total CLEANed flux:    2.251E+04
Steer Iterations: 867483
 Residual min,max,rms:   -1.453E+00   1.863E+01   6.299E+00
 Total CLEANed flux:    2.288E+04
Steer Iterations: 898401
 Residual min,max,rms:   -1.463E+00   1.839E+01   6.175E+00
 Total CLEANed flux:    2.329E+04
Steer Iterations: 908882
 Residual min,max,rms:   -1.454E+00   1.813E+01   6.112E+00
 Total CLEANed flux:    2.350E+04
Steer Iterations: 915536
 Residual min,max,rms:   -1.410E+00   1.757E+01   6.048E+00
 Total CLEANed flux:    2.370E+04
Steer Iterations: 959208
 Residual min,max,rms:   -1.434E+00   1.770E+01   5.888E+00
 Total CLEANed flux:    2.424E+04
Steer Iterations: 961223
 Residual min,max,rms:   -1.433E+00   1.739E+01   5.873E+00
 Total CLEANed flux:    2.429E+04
Steer Iterations: 965222
 Residual min,max,rms:   -1.434E+00   1.647E+01   5.803E+00
 Total CLEANed flux:    2.451E+04
Steer Iterations: 1061915
 Residual min,max,rms:   -1.452E+00   1.613E+01   5.458E+00
 Total CLEANed flux:    2.565E+04

restor: CVS Revision 1.6, 2013/07/20 03:35:27 UTC

Using Gaussian beam fwhm of    8.362 by    6.213 arcsec.
Position angle:   -1.6 degrees.

restor: CVS Revision 1.6, 2013/07/20 03:35:27 UTC



*** Finished to make maps of 13co/13co.002/13co.002


