Setting run_invert and vis
Setting vis
Setting dirty_name and source...
Setting run_mkmask, mask, run_clean, run_restor...
13co
Beam size = 8.362 x 6.213 arcsec at PA = -1.59 deg
Running clean...
Not running restart...
Determining which channel to clean next...
Found an uncleaned channel, cleaning it...
Processing channel 001, velocity = .2000036447
Imsub: version 1.0 3-dec-02
Imsub: version 1.0 3-dec-02

mossdi: CVS Revision 1.6, 2012/06/04 21:25:22 UTC

Beginning to CLEAN ...
Steer Iterations: 649
 Residual min,max,rms:    8.226E-01   5.689E+01   1.594E+01
 Total CLEANed flux:    7.424E+01
Steer Iterations: 2032
 Residual min,max,rms:    8.226E-01   5.689E+01   1.577E+01
 Total CLEANed flux:    2.113E+02
Steer Iterations: 3183
 Residual min,max,rms:    8.226E-01   5.280E+01   1.565E+01
 Total CLEANed flux:    3.222E+02
Steer Iterations: 6531
 Residual min,max,rms:    8.226E-01   4.898E+01   1.537E+01
 Total CLEANed flux:    6.029E+02
Steer Iterations: 10124
 Residual min,max,rms:    8.226E-01   4.571E+01   1.511E+01
 Total CLEANed flux:    8.802E+02
Steer Iterations: 12586
 Residual min,max,rms:    8.226E-01   4.304E+01   1.497E+01
 Total CLEANed flux:    1.050E+03
Steer Iterations: 16113
 Residual min,max,rms:    8.226E-01   4.051E+01   1.477E+01
 Total CLEANed flux:    1.286E+03
Steer Iterations: 18312
 Residual min,max,rms:    8.226E-01   3.857E+01   1.464E+01
 Total CLEANed flux:    1.463E+03
Steer Iterations: 22310
 Residual min,max,rms:    8.226E-01   3.696E+01   1.446E+01
 Total CLEANed flux:    1.697E+03
Steer Iterations: 25481
 Residual min,max,rms:    8.226E-01   3.588E+01   1.433E+01
 Total CLEANed flux:    1.879E+03
Steer Iterations: 27200
 Residual min,max,rms:    8.226E-01   3.433E+01   1.424E+01
 Total CLEANed flux:    2.003E+03
Steer Iterations: 31678
 Residual min,max,rms:    8.226E-01   3.319E+01   1.405E+01
 Total CLEANed flux:    2.278E+03
Steer Iterations: 33926
 Residual min,max,rms:    8.226E-01   3.195E+01   1.395E+01
 Total CLEANed flux:    2.437E+03
Steer Iterations: 37539
 Residual min,max,rms:    8.226E-01   3.096E+01   1.382E+01
 Total CLEANed flux:    2.625E+03
Steer Iterations: 41193
 Residual min,max,rms:    8.226E-01   2.991E+01   1.368E+01
 Total CLEANed flux:    2.857E+03
Steer Iterations: 44610
 Residual min,max,rms:    8.226E-01   2.917E+01   1.356E+01
 Total CLEANed flux:    3.041E+03
Steer Iterations: 47468
 Residual min,max,rms:    8.226E-01   2.840E+01   1.346E+01
 Total CLEANed flux:    3.204E+03
Steer Iterations: 50511
 Residual min,max,rms:    8.226E-01   2.753E+01   1.333E+01
 Total CLEANed flux:    3.410E+03
Steer Iterations: 54881
 Residual min,max,rms:    8.226E-01   2.684E+01   1.318E+01
 Total CLEANed flux:    3.679E+03
Steer Iterations: 57680
 Residual min,max,rms:    8.226E-01   2.597E+01   1.309E+01
 Total CLEANed flux:    3.839E+03
Steer Iterations: 62683
 Residual min,max,rms:    8.226E-01   2.569E+01   1.293E+01
 Total CLEANed flux:    4.108E+03
Steer Iterations: 63227
 Residual min,max,rms:    8.226E-01   2.352E+01   1.288E+01
 Total CLEANed flux:    4.216E+03
Steer Iterations: 93143
 Residual min,max,rms:    8.226E-01   2.267E+01   1.226E+01
 Total CLEANed flux:    5.341E+03
Steer Iterations: 95251
 Residual min,max,rms:    8.226E-01   2.203E+01   1.218E+01
 Total CLEANed flux:    5.496E+03
Steer Iterations: 97416
 Residual min,max,rms:    8.226E-01   2.105E+01   1.208E+01
 Total CLEANed flux:    5.702E+03
Steer Iterations: 110601
 Residual min,max,rms:    8.226E-01   2.076E+01   1.183E+01
 Total CLEANed flux:    6.194E+03
Steer Iterations: 112033
 Residual min,max,rms:    8.226E-01   2.023E+01   1.178E+01
 Total CLEANed flux:    6.291E+03
Steer Iterations: 117296
 Residual min,max,rms:    8.226E-01   1.954E+01   1.161E+01
 Total CLEANed flux:    6.638E+03
Steer Iterations: 126199
 Residual min,max,rms:    8.225E-01   1.933E+01   1.142E+01
 Total CLEANed flux:    7.040E+03
Steer Iterations: 127783
 Residual min,max,rms:    8.225E-01   1.861E+01   1.136E+01
 Total CLEANed flux:    7.163E+03
Steer Iterations: 142757
 Residual min,max,rms:    8.225E-01   1.852E+01   1.111E+01
 Total CLEANed flux:    7.678E+03
Steer Iterations: 143954
 Residual min,max,rms:    8.225E-01   1.822E+01   1.108E+01
 Total CLEANed flux:    7.739E+03
Steer Iterations: 146202
 Residual min,max,rms:    8.225E-01   1.767E+01   1.100E+01
 Total CLEANed flux:    7.924E+03
Steer Iterations: 157694
 Residual min,max,rms:    8.225E-01   1.758E+01   1.078E+01
 Total CLEANed flux:    8.394E+03
Steer Iterations: 159021
 Residual min,max,rms:    8.225E-01   1.704E+01   1.072E+01
 Total CLEANed flux:    8.541E+03
Steer Iterations: 167662
 Residual min,max,rms:    8.224E-01   1.694E+01   1.052E+01
 Total CLEANed flux:    8.948E+03
Steer Iterations: 168686
 Residual min,max,rms:    8.224E-01   1.596E+01   1.048E+01
 Total CLEANed flux:    9.048E+03
Steer Iterations: 212586
 Residual min,max,rms:    8.222E-01   1.588E+01   9.967E+00
 Total CLEANed flux:    1.016E+04
Steer Iterations: 214068
 Residual min,max,rms:    8.222E-01   1.565E+01   9.938E+00
 Total CLEANed flux:    1.023E+04
Steer Iterations: 215066
 Residual min,max,rms:    8.220E-01   1.466E+01   9.866E+00
 Total CLEANed flux:    1.040E+04
Steer Iterations: 255624
 Residual min,max,rms:    8.213E-01   1.458E+01   9.438E+00
 Total CLEANed flux:    1.135E+04
Steer Iterations: 257687
 Residual min,max,rms:    8.213E-01   1.432E+01   9.391E+00
 Total CLEANed flux:    1.146E+04
Steer Iterations: 259452
 Residual min,max,rms:    8.213E-01   1.398E+01   9.347E+00
 Total CLEANed flux:    1.157E+04
Steer Iterations: 266951
 Residual min,max,rms:    8.213E-01   1.368E+01   9.192E+00
 Total CLEANed flux:    1.193E+04
Steer Iterations: 275096
 Residual min,max,rms:    8.210E-01   1.355E+01   9.069E+00
 Total CLEANed flux:    1.221E+04
Steer Iterations: 277869
 Residual min,max,rms:    8.210E-01   1.329E+01   9.017E+00
 Total CLEANed flux:    1.233E+04
Steer Iterations: 284648
 Residual min,max,rms:    8.209E-01   1.320E+01   8.839E+00
 Total CLEANed flux:    1.275E+04
Steer Iterations: 286941
 Residual min,max,rms:    8.209E-01   1.289E+01   8.790E+00
 Total CLEANed flux:    1.286E+04
Steer Iterations: 295657
 Residual min,max,rms:    8.206E-01   1.259E+01   8.640E+00
 Total CLEANed flux:    1.321E+04
Steer Iterations: 307107
 Residual min,max,rms:    8.210E-01   1.251E+01   8.504E+00
 Total CLEANed flux:    1.352E+04
Steer Iterations: 308830
 Residual min,max,rms:    8.225E-01   1.213E+01   8.443E+00
 Total CLEANed flux:    1.367E+04
Steer Iterations: 325895
 Residual min,max,rms:    8.227E-01   1.195E+01   8.228E+00
 Total CLEANed flux:    1.418E+04
Steer Iterations: 332565
 Residual min,max,rms:    8.243E-01   1.191E+01   8.142E+00
 Total CLEANed flux:    1.438E+04
Steer Iterations: 333215
 Residual min,max,rms:    8.258E-01   1.147E+01   8.114E+00
 Total CLEANed flux:    1.445E+04
Steer Iterations: 378865
 Residual min,max,rms:    8.272E-01   1.122E+01   7.756E+00
 Total CLEANed flux:    1.528E+04
Steer Iterations: 382452
 Residual min,max,rms:    8.299E-01   1.110E+01   7.708E+00
 Total CLEANed flux:    1.540E+04
Steer Iterations: 384006
 Residual min,max,rms:    8.321E-01   1.076E+01   7.650E+00
 Total CLEANed flux:    1.555E+04
Steer Iterations: 404238
 Residual min,max,rms:    8.316E-01   1.063E+01   7.478E+00
 Total CLEANed flux:    1.597E+04
Steer Iterations: 409615
 Residual min,max,rms:    8.329E-01   1.055E+01   7.408E+00
 Total CLEANed flux:    1.614E+04
Steer Iterations: 411417
 Residual min,max,rms:    8.351E-01   1.032E+01   7.350E+00
 Total CLEANed flux:    1.628E+04
Steer Iterations: 422397
 Residual min,max,rms:    8.341E-01   1.016E+01   7.221E+00
 Total CLEANed flux:    1.659E+04
Steer Iterations: 429427
 Residual min,max,rms:    8.337E-01   1.007E+01   7.128E+00
 Total CLEANed flux:    1.681E+04
Steer Iterations: 432945
 Residual min,max,rms:    8.332E-01   9.959E+00   7.075E+00
 Total CLEANed flux:    1.694E+04
Steer Iterations: 436633
 Residual min,max,rms:    8.336E-01   9.858E+00   6.998E+00
 Total CLEANed flux:    1.713E+04
Steer Iterations: 440184
 Residual min,max,rms:    8.337E-01   9.627E+00   6.937E+00
 Total CLEANed flux:    1.728E+04
Steer Iterations: 455708
 Residual min,max,rms:    8.331E-01   9.774E+00   6.763E+00
 Total CLEANed flux:    1.771E+04
Steer Iterations: 455879
 Residual min,max,rms:    8.331E-01   9.481E+00   6.758E+00
 Total CLEANed flux:    1.772E+04
Steer Iterations: 462090
 Residual min,max,rms:    8.312E-01   9.397E+00   6.668E+00
 Total CLEANed flux:    1.795E+04
Steer Iterations: 464159
 Residual min,max,rms:    8.285E-01   9.285E+00   6.624E+00
 Total CLEANed flux:    1.805E+04
Steer Iterations: 467414
 Residual min,max,rms:    8.288E-01   9.067E+00   6.551E+00
 Total CLEANed flux:    1.823E+04
Steer Iterations: 480891
 Residual min,max,rms:    8.265E-01   9.058E+00   6.416E+00
 Total CLEANed flux:    1.855E+04
Steer Iterations: 482667
 Residual min,max,rms:    8.267E-01   8.976E+00   6.395E+00
 Total CLEANed flux:    1.860E+04
Steer Iterations: 483942
 Residual min,max,rms:    8.179E-01   8.735E+00   6.357E+00
 Total CLEANed flux:    1.870E+04
Steer Iterations: 502585
 Residual min,max,rms:    8.171E-01   8.488E+00   6.182E+00
 Total CLEANed flux:    1.913E+04
Steer Iterations: 523049
 Residual min,max,rms:    8.103E-01   8.454E+00   6.054E+00
 Total CLEANed flux:    1.944E+04
Steer Iterations: 525146
 Residual min,max,rms:    8.110E-01   8.376E+00   6.018E+00
 Total CLEANed flux:    1.953E+04
Steer Iterations: 526342
 Residual min,max,rms:    8.047E-01   8.166E+00   5.975E+00
 Total CLEANed flux:    1.964E+04
Steer Iterations: 585796
 Residual min,max,rms:    7.947E-01   7.936E+00   5.663E+00
 Total CLEANed flux:    2.041E+04
Steer Iterations: 588689
 Residual min,max,rms:    7.920E-01   7.839E+00   5.631E+00
 Total CLEANed flux:    2.049E+04
Steer Iterations: 590026
 Residual min,max,rms:    7.841E-01   7.559E+00   5.593E+00
 Total CLEANed flux:    2.059E+04
Steer Iterations: 612175
 Residual min,max,rms:    7.817E-01   7.575E+00   5.433E+00
 Total CLEANed flux:    2.098E+04
Steer Iterations: 612927
 Residual min,max,rms:    7.831E-01   7.402E+00   5.417E+00
 Total CLEANed flux:    2.102E+04
Steer Iterations: 619091
 Residual min,max,rms:    7.719E-01   7.315E+00   5.341E+00
 Total CLEANed flux:    2.121E+04
Steer Iterations: 623941
 Residual min,max,rms:    7.712E-01   7.249E+00   5.281E+00
 Total CLEANed flux:    2.136E+04
Steer Iterations: 626896
 Residual min,max,rms:    7.715E-01   7.140E+00   5.238E+00
 Total CLEANed flux:    2.147E+04
Steer Iterations: 632442
 Residual min,max,rms:    7.654E-01   7.090E+00   5.166E+00
 Total CLEANed flux:    2.165E+04
Steer Iterations: 634714
 Residual min,max,rms:    7.698E-01   6.952E+00   5.128E+00
 Total CLEANed flux:    2.175E+04
Steer Iterations: 644074
 Residual min,max,rms:    7.652E-01   6.908E+00   5.027E+00
 Total CLEANed flux:    2.200E+04
Steer Iterations: 647271
 Residual min,max,rms:    7.685E-01   6.855E+00   4.992E+00
 Total CLEANed flux:    2.209E+04
Steer Iterations: 648681
 Residual min,max,rms:    7.686E-01   6.661E+00   4.956E+00
 Total CLEANed flux:    2.219E+04
Steer Iterations: 669515
 Residual min,max,rms:    7.390E-01   6.704E+00   4.806E+00
 Total CLEANed flux:    2.256E+04
Steer Iterations: 670376
 Residual min,max,rms:    7.412E-01   6.590E+00   4.789E+00
 Total CLEANed flux:    2.260E+04
Steer Iterations: 672401
 Residual min,max,rms:    7.438E-01   6.499E+00   4.747E+00
 Total CLEANed flux:    2.271E+04
Steer Iterations: 675353
 Residual min,max,rms:    7.464E-01   6.416E+00   4.698E+00
 Total CLEANed flux:    2.283E+04
Steer Iterations: 679198
 Residual min,max,rms:    7.436E-01   6.348E+00   4.657E+00
 Total CLEANed flux:    2.294E+04
Steer Iterations: 682279
 Residual min,max,rms:    7.480E-01   6.276E+00   4.618E+00
 Total CLEANed flux:    2.304E+04
Steer Iterations: 686120
 Residual min,max,rms:    7.486E-01   6.242E+00   4.572E+00
 Total CLEANed flux:    2.316E+04
Steer Iterations: 688285
 Residual min,max,rms:    7.506E-01   6.121E+00   4.549E+00
 Total CLEANed flux:    2.322E+04
Steer Iterations: 697174
 Residual min,max,rms:    7.523E-01   6.089E+00   4.436E+00
 Total CLEANed flux:    2.350E+04
Steer Iterations: 700596
 Residual min,max,rms:    7.568E-01   6.057E+00   4.410E+00
 Total CLEANed flux:    2.356E+04
Steer Iterations: 701458
 Residual min,max,rms:    7.580E-01   5.994E+00   4.398E+00
 Total CLEANed flux:    2.359E+04
Steer Iterations: 703460
 Residual min,max,rms:    7.580E-01   5.952E+00   4.353E+00
 Total CLEANed flux:    2.371E+04
Steer Iterations: 705233
 Residual min,max,rms:    7.606E-01   5.889E+00   4.323E+00
 Total CLEANed flux:    2.379E+04
Steer Iterations: 707628
 Residual min,max,rms:    7.727E-01   5.831E+00   4.279E+00
 Total CLEANed flux:    2.390E+04
Steer Iterations: 710304
 Residual min,max,rms:    7.783E-01   5.767E+00   4.232E+00
 Total CLEANed flux:    2.402E+04
Steer Iterations: 713614
 Residual min,max,rms:    7.848E-01   5.653E+00   4.191E+00
 Total CLEANed flux:    2.412E+04
Steer Iterations: 723094
 Residual min,max,rms:    7.829E-01   5.639E+00   4.114E+00
 Total CLEANed flux:    2.431E+04
Steer Iterations: 724812
 Residual min,max,rms:    7.836E-01   5.601E+00   4.095E+00
 Total CLEANed flux:    2.436E+04
Steer Iterations: 725574
 Residual min,max,rms:    8.007E-01   5.462E+00   4.066E+00
 Total CLEANed flux:    2.444E+04
Steer Iterations: 739079
 Residual min,max,rms:    7.893E-01   5.452E+00   3.959E+00
 Total CLEANed flux:    2.471E+04
Steer Iterations: 740721
 Residual min,max,rms:    7.942E-01   5.428E+00   3.938E+00
 Total CLEANed flux:    2.476E+04
Steer Iterations: 741092
 Residual min,max,rms:    7.974E-01   5.304E+00   3.928E+00
 Total CLEANed flux:    2.479E+04
Steer Iterations: 749051
 Residual min,max,rms:    8.204E-01   5.206E+00   3.844E+00
 Total CLEANed flux:    2.500E+04
Steer Iterations: 756182
 Residual min,max,rms:    8.310E-01   5.206E+00   3.789E+00
 Total CLEANed flux:    2.514E+04
Steer Iterations: 756732
 Residual min,max,rms:    8.290E-01   5.121E+00   3.777E+00
 Total CLEANed flux:    2.517E+04
Steer Iterations: 759748
 Residual min,max,rms:    8.234E-01   5.063E+00   3.726E+00
 Total CLEANed flux:    2.530E+04
Steer Iterations: 762663
 Residual min,max,rms:    8.320E-01   4.989E+00   3.692E+00
 Total CLEANed flux:    2.539E+04
Steer Iterations: 767649
 Residual min,max,rms:    8.258E-01   4.959E+00   3.646E+00
 Total CLEANed flux:    2.551E+04
Steer Iterations: 769592
 Residual min,max,rms:    8.419E-01   4.952E+00   3.625E+00
 Total CLEANed flux:    2.556E+04
Steer Iterations: 769867
 Residual min,max,rms:    8.390E-01   4.854E+00   3.617E+00
 Total CLEANed flux:    2.558E+04
Steer Iterations: 777100
 Residual min,max,rms:    8.614E-01   4.858E+00   3.532E+00
 Total CLEANed flux:    2.580E+04
Steer Iterations: 778431
 Residual min,max,rms:    8.626E-01   4.821E+00   3.518E+00
 Total CLEANed flux:    2.583E+04
Steer Iterations: 778931
 Residual min,max,rms:    8.744E-01   4.688E+00   3.499E+00
 Total CLEANed flux:    2.589E+04
Steer Iterations: 792546
 Residual min,max,rms:    8.843E-01   4.687E+00   3.410E+00
 Total CLEANed flux:    2.611E+04
Steer Iterations: 794208
 Residual min,max,rms:    8.671E-01   4.625E+00   3.398E+00
 Total CLEANed flux:    2.614E+04
Steer Iterations: 796255
 Residual min,max,rms:    8.580E-01   4.618E+00   3.365E+00
 Total CLEANed flux:    2.623E+04
Steer Iterations: 796849
 Residual min,max,rms:    7.872E-01   4.540E+00   3.355E+00
 Total CLEANed flux:    2.625E+04
Steer Iterations: 799934
 Residual min,max,rms:    6.876E-01   4.423E+00   3.304E+00
 Total CLEANed flux:    2.639E+04
Steer Iterations: 815264
 Residual min,max,rms:    6.805E-01   4.387E+00   3.227E+00
 Total CLEANed flux:    2.658E+04
Steer Iterations: 818376
 Residual min,max,rms:    6.303E-01   4.352E+00   3.205E+00
 Total CLEANed flux:    2.663E+04
Steer Iterations: 819823
 Residual min,max,rms:    6.151E-01   4.273E+00   3.180E+00
 Total CLEANed flux:    2.670E+04
Steer Iterations: 827306
 Residual min,max,rms:    5.295E-01   4.238E+00   3.130E+00
 Total CLEANed flux:    2.683E+04
Steer Iterations: 830524
 Residual min,max,rms:    4.869E-01   4.215E+00   3.105E+00
 Total CLEANed flux:    2.689E+04
Steer Iterations: 831407
 Residual min,max,rms:    4.336E-01   4.178E+00   3.087E+00
 Total CLEANed flux:    2.694E+04
Steer Iterations: 833411
 Residual min,max,rms:    3.897E-01   4.123E+00   3.059E+00
 Total CLEANed flux:    2.701E+04
Steer Iterations: 837498
 Residual min,max,rms:    3.821E-01   4.101E+00   3.013E+00
 Total CLEANed flux:    2.713E+04
Steer Iterations: 839428
 Residual min,max,rms:    3.411E-01   4.088E+00   2.991E+00
 Total CLEANed flux:    2.719E+04
Steer Iterations: 839851
 Residual min,max,rms:    2.557E-01   3.967E+00   2.983E+00
 Total CLEANed flux:    2.721E+04
Steer Iterations: 857178
 Residual min,max,rms:    1.567E-01   3.927E+00   2.879E+00
 Total CLEANed flux:    2.747E+04
Steer Iterations: 860888
 Residual min,max,rms:    1.618E-01   3.922E+00   2.854E+00
 Total CLEANed flux:    2.754E+04
Steer Iterations: 861157
 Residual min,max,rms:    7.532E-02   3.795E+00   2.845E+00
 Total CLEANed flux:    2.756E+04
Steer Iterations: 884347
 Residual min,max,rms:    3.993E-02   3.771E+00   2.748E+00
 Total CLEANed flux:    2.781E+04
Steer Iterations: 885535
 Residual min,max,rms:    1.742E-02   3.739E+00   2.738E+00
 Total CLEANed flux:    2.784E+04
Steer Iterations: 886244
 Residual min,max,rms:   -3.912E-02   3.650E+00   2.723E+00
 Total CLEANed flux:    2.788E+04
Steer Iterations: 895269
 Residual min,max,rms:   -1.285E-01   3.630E+00   2.661E+00
 Total CLEANed flux:    2.804E+04
Steer Iterations: 897506
 Residual min,max,rms:   -1.390E-01   3.594E+00   2.647E+00
 Total CLEANed flux:    2.807E+04
Steer Iterations: 899062
 Residual min,max,rms:   -1.609E-01   3.579E+00   2.628E+00
 Total CLEANed flux:    2.812E+04
Steer Iterations: 899801
 Residual min,max,rms:   -1.857E-01   3.537E+00   2.620E+00
 Total CLEANed flux:    2.815E+04
Steer Iterations: 901771
 Residual min,max,rms:   -2.181E-01   3.500E+00   2.586E+00
 Total CLEANed flux:    2.823E+04
Steer Iterations: 904856
 Residual min,max,rms:   -2.276E-01   3.466E+00   2.560E+00
 Total CLEANed flux:    2.830E+04
Steer Iterations: 907110
 Residual min,max,rms:   -2.821E-01   3.427E+00   2.540E+00
 Total CLEANed flux:    2.836E+04
Steer Iterations: 909999
 Residual min,max,rms:   -3.172E-01   3.439E+00   2.507E+00
 Total CLEANed flux:    2.844E+04
Steer Iterations: 910355
 Residual min,max,rms:   -3.444E-01   3.367E+00   2.501E+00
 Total CLEANed flux:    2.846E+04
Steer Iterations: 915163
 Residual min,max,rms:   -4.118E-01   3.362E+00   2.447E+00
 Total CLEANed flux:    2.859E+04
Steer Iterations: 916373
 Residual min,max,rms:   -4.211E-01   3.326E+00   2.436E+00
 Total CLEANed flux:    2.862E+04
Steer Iterations: 917461
 Residual min,max,rms:   -4.582E-01   3.259E+00   2.415E+00
 Total CLEANed flux:    2.868E+04
Steer Iterations: 922986
 Residual min,max,rms:   -4.737E-01   3.227E+00   2.372E+00
 Total CLEANed flux:    2.879E+04
Steer Iterations: 926064
 Residual min,max,rms:   -4.752E-01   3.205E+00   2.354E+00
 Total CLEANed flux:    2.883E+04
Steer Iterations: 927043
 Residual min,max,rms:   -6.169E-01   3.060E+00   2.337E+00
 Total CLEANed flux:    2.888E+04
Steer Iterations: 972987
 Residual min,max,rms:   -5.881E-01   3.029E+00   2.227E+00
 Total CLEANed flux:    2.915E+04
Steer Iterations: 977486
 Residual min,max,rms:   -6.055E-01   3.019E+00   2.205E+00
 Total CLEANed flux:    2.921E+04
Steer Iterations: 978077
 Residual min,max,rms:   -6.373E-01   2.985E+00   2.199E+00
 Total CLEANed flux:    2.923E+04
Steer Iterations: 979419
 Residual min,max,rms:   -6.842E-01   2.932E+00   2.175E+00
 Total CLEANed flux:    2.929E+04
Steer Iterations: 984815
 Residual min,max,rms:   -7.219E-01   2.902E+00   2.145E+00
 Total CLEANed flux:    2.937E+04
Steer Iterations: 987305
 Residual min,max,rms:   -7.460E-01   2.874E+00   2.126E+00
 Total CLEANed flux:    2.942E+04
Steer Iterations: 989544
 Residual min,max,rms:   -7.663E-01   2.843E+00   2.106E+00
 Total CLEANed flux:    2.948E+04
Steer Iterations: 992558
 Residual min,max,rms:   -8.141E-01   2.812E+00   2.082E+00
 Total CLEANed flux:    2.954E+04
Steer Iterations: 995981
 Residual min,max,rms:   -8.404E-01   2.773E+00   2.056E+00
 Total CLEANed flux:    2.961E+04
Steer Iterations: 1001442
 Residual min,max,rms:   -8.896E-01   2.758E+00   2.027E+00
 Total CLEANed flux:    2.968E+04

restor: CVS Revision 1.6, 2013/07/20 03:35:27 UTC

Using Gaussian beam fwhm of    8.362 by    6.213 arcsec.
Position angle:   -1.6 degrees.

restor: CVS Revision 1.6, 2013/07/20 03:35:27 UTC



*** Finished to make maps of 13co/13co.001/13co.001


